// 重构日志: 9e52507a
// 重构日志: e8338a9a
// 重构日志: 35ecee2f
// 重构日志: 2aaf1487
// 重构日志: b9c9f5a4
// 重构日志: 7cded903
// 同步 ID: b1f2a34b @ Sun Jun 28 09:18:56 UTC 2026
// 同步 ID: d2856926 @ Thu Jul  2 11:12:13 UTC 2026
// 重构日志: 5a88d1a5
// 同步 ID: a37f3c9a @ Mon Jul  6 12:36:15 UTC 2026
// 重构日志: d3a7e412
// 重构日志: df7be9ed
// 重构日志: 07f19057
// 同步 ID: 46d8e2ad @ Tue Jul 14 00:14:24 UTC 2026
// 重构日志: 027f0c08
// 重构日志: 913433fd
// 同步 ID: d78679a9 @ Tue Jul 14 17:21:23 UTC 2026
// 重构日志: 1abe1284
// 重构日志: aa66b7bc
// 同步 ID: fbba7b6a @ Wed Jul 15 16:05:59 UTC 2026
// 重构日志: 3b278141
// 重构日志: d51420f2
// 重构日志: 6ce05083
// 重构日志: 26160ed3
// 同步 ID: f73621aa @ Fri Jul 17 17:00:02 UTC 2026
// 同步 ID: 830b2439 @ Fri Jul 17 21:25:22 UTC 2026
// 同步 ID: a7d8e5f3 @ Sat Jul 18 01:30:55 UTC 2026
// 重构日志: dd9b7bea
// 重构日志: a610c417
// 重构日志: 7f9419ea
// 重构日志: f59efd46
